Determining if the include file link.h exists failed with the following output:
Change Dir: /Users/paul/Code/github/paulevans/mahrune/ext/llvm/build/xcode/CMakeFiles/CMakeTmp

Run Build Command:"/usr/bin/xcodebuild" "-project" "CMAKE_TRY_COMPILE.xcodeproj" "build" "-target" "cmTC_04d5e" "-configuration" "Debug"
=== BUILD TARGET cmTC_04d5e OF PROJECT CMAKE_TRY_COMPILE WITH CONFIGURATION Debug ===

Check dependencies

Write auxiliary files
/bin/mkdir -p /Users/paul/Code/github/paulevans/mahrune/ext/llvm/build/xcode/CMakeFiles/CMakeTmp/CMAKE_TRY_COMPILE.build/Debug/cmTC_04d5e.build/Objects-normal/x86_64
write-file /Users/paul/Code/github/paulevans/mahrune/ext/llvm/build/xcode/CMakeFiles/CMakeTmp/CMAKE_TRY_COMPILE.build/Debug/cmTC_04d5e.build/Objects-normal/x86_64/cmTC_04d5e.LinkFileList

CompileC CMAKE_TRY_COMPILE.build/Debug/cmTC_04d5e.build/Objects-normal/x86_64/CheckIncludeFile.o CheckIncludeFile.c normal x86_64 c com.apple.compilers.llvm.clang.1_0.compiler
    cd /Users/paul/Code/github/paulevans/mahrune/ext/llvm/build/xcode/CMakeFiles/CMakeTmp
    export LANG=en_US.US-ASCII
    /Applications/Xcode.app/Contents/Developer/Toolchains/XcodeDefault.xctoolchain/usr/bin/clang -x c -arch x86_64 -fmessage-length=0 -fdiagnostics-show-note-include-stack -fmacro-backtrace-limit=0 -Wno-trigraphs -fpascal-strings -O0 -Wno-missing-field-initializers -Wno-missing-prototypes -Wno-return-type -Wno-missing-braces -Wparentheses -Wswitch -Wno-unused-function -Wno-unused-label -Wno-unused-parameter -Wno-unused-variable -Wunused-value -Wno-empty-body -Wno-uninitialized -Wno-unknown-pragmas -Wno-shadow -Wno-four-char-constants -Wno-conversion -Wno-constant-conversion -Wno-int-conversion -Wno-bool-conversion -Wno-enum-conversion -Wno-shorten-64-to-32 -Wpointer-sign -Wno-newline-eof -DCMAKE_INTDIR=\"Debug\" -isysroot /Applications/Xcode.app/Contents/Developer/Platforms/MacOSX.platform/Developer/SDKs/MacOSX10.11.sdk -fasm-blocks -fstrict-aliasing -Wdeprecated-declarations -mmacosx-version-min=10.11 -g -Wno-sign-conversion -I/Users/paul/Code/github/paulevans/mahrune/ext/llvm/build/xcode/CMakeFiles/CMakeTmp/Debug/include -I/Users/paul/Code/github/paulevans/mahrune/ext/llvm/build/xcode/CMakeFiles/CMakeTmp/CMAKE_TRY_COMPILE.build/Debug/cmTC_04d5e.build/DerivedSources/x86_64 -I/Users/paul/Code/github/paulevans/mahrune/ext/llvm/build/xcode/CMakeFiles/CMakeTmp/CMAKE_TRY_COMPILE.build/Debug/cmTC_04d5e.build/DerivedSources -Wmost -Wno-four-char-constants -Wno-unknown-pragmas -F/Users/paul/Code/github/paulevans/mahrune/ext/llvm/build/xcode/CMakeFiles/CMakeTmp/Debug -MMD -MT dependencies -MF /Users/paul/Code/github/paulevans/mahrune/ext/llvm/build/xcode/CMakeFiles/CMakeTmp/CMAKE_TRY_COMPILE.build/Debug/cmTC_04d5e.build/Objects-normal/x86_64/CheckIncludeFile.d --serialize-diagnostics /Users/paul/Code/github/paulevans/mahrune/ext/llvm/build/xcode/CMakeFiles/CMakeTmp/CMAKE_TRY_COMPILE.build/Debug/cmTC_04d5e.build/Objects-normal/x86_64/CheckIncludeFile.dia -c /Users/paul/Code/github/paulevans/mahrune/ext/llvm/build/xcode/CMakeFiles/CMakeTmp/CheckIncludeFile.c -o /Users/paul/Code/github/paulevans/mahrune/ext/llvm/build/xcode/CMakeFiles/CMakeTmp/CMAKE_TRY_COMPILE.build/Debug/cmTC_04d5e.build/Objects-normal/x86_64/CheckIncludeFile.o
/Users/paul/Code/github/paulevans/mahrune/ext/llvm/build/xcode/CMakeFiles/CMakeTmp/CheckIncludeFile.c:1:10: fatal error: 'link.h' file not found
#include <link.h>
         ^
1 error generated.

** BUILD FAILED **


The following build commands failed:
	CompileC CMAKE_TRY_COMPILE.build/Debug/cmTC_04d5e.build/Objects-normal/x86_64/CheckIncludeFile.o CheckIncludeFile.c normal x86_64 c com.apple.compilers.llvm.clang.1_0.compiler
(1 failure)


Determining if the include file malloc.h exists failed with the following output:
Change Dir: /Users/paul/Code/github/paulevans/mahrune/ext/llvm/build/xcode/CMakeFiles/CMakeTmp

Run Build Command:"/usr/bin/xcodebuild" "-project" "CMAKE_TRY_COMPILE.xcodeproj" "build" "-target" "cmTC_641eb" "-configuration" "Debug"
=== BUILD TARGET cmTC_641eb OF PROJECT CMAKE_TRY_COMPILE WITH CONFIGURATION Debug ===

Check dependencies

Write auxiliary files
/bin/mkdir -p /Users/paul/Code/github/paulevans/mahrune/ext/llvm/build/xcode/CMakeFiles/CMakeTmp/CMAKE_TRY_COMPILE.build/Debug/cmTC_641eb.build/Objects-normal/x86_64
write-file /Users/paul/Code/github/paulevans/mahrune/ext/llvm/build/xcode/CMakeFiles/CMakeTmp/CMAKE_TRY_COMPILE.build/Debug/cmTC_641eb.build/Objects-normal/x86_64/cmTC_641eb.LinkFileList

CompileC CMAKE_TRY_COMPILE.build/Debug/cmTC_641eb.build/Objects-normal/x86_64/CheckIncludeFile.o CheckIncludeFile.c normal x86_64 c com.apple.compilers.llvm.clang.1_0.compiler
    cd /Users/paul/Code/github/paulevans/mahrune/ext/llvm/build/xcode/CMakeFiles/CMakeTmp
    export LANG=en_US.US-ASCII
    /Applications/Xcode.app/Contents/Developer/Toolchains/XcodeDefault.xctoolchain/usr/bin/clang -x c -arch x86_64 -fmessage-length=0 -fdiagnostics-show-note-include-stack -fmacro-backtrace-limit=0 -Wno-trigraphs -fpascal-strings -O0 -Wno-missing-field-initializers -Wno-missing-prototypes -Wno-return-type -Wno-missing-braces -Wparentheses -Wswitch -Wno-unused-function -Wno-unused-label -Wno-unused-parameter -Wno-unused-variable -Wunused-value -Wno-empty-body -Wno-uninitialized -Wno-unknown-pragmas -Wno-shadow -Wno-four-char-constants -Wno-conversion -Wno-constant-conversion -Wno-int-conversion -Wno-bool-conversion -Wno-enum-conversion -Wno-shorten-64-to-32 -Wpointer-sign -Wno-newline-eof -DCMAKE_INTDIR=\"Debug\" -isysroot /Applications/Xcode.app/Contents/Developer/Platforms/MacOSX.platform/Developer/SDKs/MacOSX10.11.sdk -fasm-blocks -fstrict-aliasing -Wdeprecated-declarations -mmacosx-version-min=10.11 -g -Wno-sign-conversion -I/Users/paul/Code/github/paulevans/mahrune/ext/llvm/build/xcode/CMakeFiles/CMakeTmp/Debug/include -I/Users/paul/Code/github/paulevans/mahrune/ext/llvm/build/xcode/CMakeFiles/CMakeTmp/CMAKE_TRY_COMPILE.build/Debug/cmTC_641eb.build/DerivedSources/x86_64 -I/Users/paul/Code/github/paulevans/mahrune/ext/llvm/build/xcode/CMakeFiles/CMakeTmp/CMAKE_TRY_COMPILE.build/Debug/cmTC_641eb.build/DerivedSources -Wmost -Wno-four-char-constants -Wno-unknown-pragmas -F/Users/paul/Code/github/paulevans/mahrune/ext/llvm/build/xcode/CMakeFiles/CMakeTmp/Debug -MMD -MT dependencies -MF /Users/paul/Code/github/paulevans/mahrune/ext/llvm/build/xcode/CMakeFiles/CMakeTmp/CMAKE_TRY_COMPILE.build/Debug/cmTC_641eb.build/Objects-normal/x86_64/CheckIncludeFile.d --serialize-diagnostics /Users/paul/Code/github/paulevans/mahrune/ext/llvm/build/xcode/CMakeFiles/CMakeTmp/CMAKE_TRY_COMPILE.build/Debug/cmTC_641eb.build/Objects-normal/x86_64/CheckIncludeFile.dia -c /Users/paul/Code/github/paulevans/mahrune/ext/llvm/build/xcode/CMakeFiles/CMakeTmp/CheckIncludeFile.c -o /Users/paul/Code/github/paulevans/mahrune/ext/llvm/build/xcode/CMakeFiles/CMakeTmp/CMAKE_TRY_COMPILE.build/Debug/cmTC_641eb.build/Objects-normal/x86_64/CheckIncludeFile.o
/Users/paul/Code/github/paulevans/mahrune/ext/llvm/build/xcode/CMakeFiles/CMakeTmp/CheckIncludeFile.c:1:10: fatal error: 'malloc.h' file not found
#include <malloc.h>
         ^
1 error generated.

** BUILD FAILED **


The following build commands failed:
	CompileC CMAKE_TRY_COMPILE.build/Debug/cmTC_641eb.build/Objects-normal/x86_64/CheckIncludeFile.o CheckIncludeFile.c normal x86_64 c com.apple.compilers.llvm.clang.1_0.compiler
(1 failure)


Determining if the include file ndir.h exists failed with the following output:
Change Dir: /Users/paul/Code/github/paulevans/mahrune/ext/llvm/build/xcode/CMakeFiles/CMakeTmp

Run Build Command:"/usr/bin/xcodebuild" "-project" "CMAKE_TRY_COMPILE.xcodeproj" "build" "-target" "cmTC_edb98" "-configuration" "Debug"
=== BUILD TARGET cmTC_edb98 OF PROJECT CMAKE_TRY_COMPILE WITH CONFIGURATION Debug ===

Check dependencies

Write auxiliary files
/bin/mkdir -p /Users/paul/Code/github/paulevans/mahrune/ext/llvm/build/xcode/CMakeFiles/CMakeTmp/CMAKE_TRY_COMPILE.build/Debug/cmTC_edb98.build/Objects-normal/x86_64
write-file /Users/paul/Code/github/paulevans/mahrune/ext/llvm/build/xcode/CMakeFiles/CMakeTmp/CMAKE_TRY_COMPILE.build/Debug/cmTC_edb98.build/Objects-normal/x86_64/cmTC_edb98.LinkFileList

CompileC CMAKE_TRY_COMPILE.build/Debug/cmTC_edb98.build/Objects-normal/x86_64/CheckIncludeFile.o CheckIncludeFile.c normal x86_64 c com.apple.compilers.llvm.clang.1_0.compiler
    cd /Users/paul/Code/github/paulevans/mahrune/ext/llvm/build/xcode/CMakeFiles/CMakeTmp
    export LANG=en_US.US-ASCII
    /Applications/Xcode.app/Contents/Developer/Toolchains/XcodeDefault.xctoolchain/usr/bin/clang -x c -arch x86_64 -fmessage-length=0 -fdiagnostics-show-note-include-stack -fmacro-backtrace-limit=0 -Wno-trigraphs -fpascal-strings -O0 -Wno-missing-field-initializers -Wno-missing-prototypes -Wno-return-type -Wno-missing-braces -Wparentheses -Wswitch -Wno-unused-function -Wno-unused-label -Wno-unused-parameter -Wno-unused-variable -Wunused-value -Wno-empty-body -Wno-uninitialized -Wno-unknown-pragmas -Wno-shadow -Wno-four-char-constants -Wno-conversion -Wno-constant-conversion -Wno-int-conversion -Wno-bool-conversion -Wno-enum-conversion -Wno-shorten-64-to-32 -Wpointer-sign -Wno-newline-eof -DCMAKE_INTDIR=\"Debug\" -isysroot /Applications/Xcode.app/Contents/Developer/Platforms/MacOSX.platform/Developer/SDKs/MacOSX10.11.sdk -fasm-blocks -fstrict-aliasing -Wdeprecated-declarations -mmacosx-version-min=10.11 -g -Wno-sign-conversion -I/Users/paul/Code/github/paulevans/mahrune/ext/llvm/build/xcode/CMakeFiles/CMakeTmp/Debug/include -I/Users/paul/Code/github/paulevans/mahrune/ext/llvm/build/xcode/CMakeFiles/CMakeTmp/CMAKE_TRY_COMPILE.build/Debug/cmTC_edb98.build/DerivedSources/x86_64 -I/Users/paul/Code/github/paulevans/mahrune/ext/llvm/build/xcode/CMakeFiles/CMakeTmp/CMAKE_TRY_COMPILE.build/Debug/cmTC_edb98.build/DerivedSources -Wmost -Wno-four-char-constants -Wno-unknown-pragmas -F/Users/paul/Code/github/paulevans/mahrune/ext/llvm/build/xcode/CMakeFiles/CMakeTmp/Debug -MMD -MT dependencies -MF /Users/paul/Code/github/paulevans/mahrune/ext/llvm/build/xcode/CMakeFiles/CMakeTmp/CMAKE_TRY_COMPILE.build/Debug/cmTC_edb98.build/Objects-normal/x86_64/CheckIncludeFile.d --serialize-diagnostics /Users/paul/Code/github/paulevans/mahrune/ext/llvm/build/xcode/CMakeFiles/CMakeTmp/CMAKE_TRY_COMPILE.build/Debug/cmTC_edb98.build/Objects-normal/x86_64/CheckIncludeFile.dia -c /Users/paul/Code/github/paulevans/mahrune/ext/llvm/build/xcode/CMakeFiles/CMakeTmp/CheckIncludeFile.c -o /Users/paul/Code/github/paulevans/mahrune/ext/llvm/build/xcode/CMakeFiles/CMakeTmp/CMAKE_TRY_COMPILE.build/Debug/cmTC_edb98.build/Objects-normal/x86_64/CheckIncludeFile.o
/Users/paul/Code/github/paulevans/mahrune/ext/llvm/build/xcode/CMakeFiles/CMakeTmp/CheckIncludeFile.c:1:10: fatal error: 'ndir.h' file not found
#include <ndir.h>
         ^
1 error generated.

** BUILD FAILED **


The following build commands failed:
	CompileC CMAKE_TRY_COMPILE.build/Debug/cmTC_edb98.build/Objects-normal/x86_64/CheckIncludeFile.o CheckIncludeFile.c normal x86_64 c com.apple.compilers.llvm.clang.1_0.compiler
(1 failure)


Determining if the include file sys/ndir.h exists failed with the following output:
Change Dir: /Users/paul/Code/github/paulevans/mahrune/ext/llvm/build/xcode/CMakeFiles/CMakeTmp

Run Build Command:"/usr/bin/xcodebuild" "-project" "CMAKE_TRY_COMPILE.xcodeproj" "build" "-target" "cmTC_31815" "-configuration" "Debug"
=== BUILD TARGET cmTC_31815 OF PROJECT CMAKE_TRY_COMPILE WITH CONFIGURATION Debug ===

Check dependencies

Write auxiliary files
/bin/mkdir -p /Users/paul/Code/github/paulevans/mahrune/ext/llvm/build/xcode/CMakeFiles/CMakeTmp/CMAKE_TRY_COMPILE.build/Debug/cmTC_31815.build/Objects-normal/x86_64
write-file /Users/paul/Code/github/paulevans/mahrune/ext/llvm/build/xcode/CMakeFiles/CMakeTmp/CMAKE_TRY_COMPILE.build/Debug/cmTC_31815.build/Objects-normal/x86_64/cmTC_31815.LinkFileList

CompileC CMAKE_TRY_COMPILE.build/Debug/cmTC_31815.build/Objects-normal/x86_64/CheckIncludeFile.o CheckIncludeFile.c normal x86_64 c com.apple.compilers.llvm.clang.1_0.compiler
    cd /Users/paul/Code/github/paulevans/mahrune/ext/llvm/build/xcode/CMakeFiles/CMakeTmp
    export LANG=en_US.US-ASCII
    /Applications/Xcode.app/Contents/Developer/Toolchains/XcodeDefault.xctoolchain/usr/bin/clang -x c -arch x86_64 -fmessage-length=0 -fdiagnostics-show-note-include-stack -fmacro-backtrace-limit=0 -Wno-trigraphs -fpascal-strings -O0 -Wno-missing-field-initializers -Wno-missing-prototypes -Wno-return-type -Wno-missing-braces -Wparentheses -Wswitch -Wno-unused-function -Wno-unused-label -Wno-unused-parameter -Wno-unused-variable -Wunused-value -Wno-empty-body -Wno-uninitialized -Wno-unknown-pragmas -Wno-shadow -Wno-four-char-constants -Wno-conversion -Wno-constant-conversion -Wno-int-conversion -Wno-bool-conversion -Wno-enum-conversion -Wno-shorten-64-to-32 -Wpointer-sign -Wno-newline-eof -DCMAKE_INTDIR=\"Debug\" -isysroot /Applications/Xcode.app/Contents/Developer/Platforms/MacOSX.platform/Developer/SDKs/MacOSX10.11.sdk -fasm-blocks -fstrict-aliasing -Wdeprecated-declarations -mmacosx-version-min=10.11 -g -Wno-sign-conversion -I/Users/paul/Code/github/paulevans/mahrune/ext/llvm/build/xcode/CMakeFiles/CMakeTmp/Debug/include -I/Users/paul/Code/github/paulevans/mahrune/ext/llvm/build/xcode/CMakeFiles/CMakeTmp/CMAKE_TRY_COMPILE.build/Debug/cmTC_31815.build/DerivedSources/x86_64 -I/Users/paul/Code/github/paulevans/mahrune/ext/llvm/build/xcode/CMakeFiles/CMakeTmp/CMAKE_TRY_COMPILE.build/Debug/cmTC_31815.build/DerivedSources -Wmost -Wno-four-char-constants -Wno-unknown-pragmas -F/Users/paul/Code/github/paulevans/mahrune/ext/llvm/build/xcode/CMakeFiles/CMakeTmp/Debug -MMD -MT dependencies -MF /Users/paul/Code/github/paulevans/mahrune/ext/llvm/build/xcode/CMakeFiles/CMakeTmp/CMAKE_TRY_COMPILE.build/Debug/cmTC_31815.build/Objects-normal/x86_64/CheckIncludeFile.d --serialize-diagnostics /Users/paul/Code/github/paulevans/mahrune/ext/llvm/build/xcode/CMakeFiles/CMakeTmp/CMAKE_TRY_COMPILE.build/Debug/cmTC_31815.build/Objects-normal/x86_64/CheckIncludeFile.dia -c /Users/paul/Code/github/paulevans/mahrune/ext/llvm/build/xcode/CMakeFiles/CMakeTmp/CheckIncludeFile.c -o /Users/paul/Code/github/paulevans/mahrune/ext/llvm/build/xcode/CMakeFiles/CMakeTmp/CMAKE_TRY_COMPILE.build/Debug/cmTC_31815.build/Objects-normal/x86_64/CheckIncludeFile.o
/Users/paul/Code/github/paulevans/mahrune/ext/llvm/build/xcode/CMakeFiles/CMakeTmp/CheckIncludeFile.c:1:10: fatal error: 'sys/ndir.h' file not found
#include <sys/ndir.h>
         ^
1 error generated.

** BUILD FAILED **


The following build commands failed:
	CompileC CMAKE_TRY_COMPILE.build/Debug/cmTC_31815.build/Objects-normal/x86_64/CheckIncludeFile.o CheckIncludeFile.c normal x86_64 c com.apple.compilers.llvm.clang.1_0.compiler
(1 failure)


Determining if the include file valgrind/valgrind.h exists failed with the following output:
Change Dir: /Users/paul/Code/github/paulevans/mahrune/ext/llvm/build/xcode/CMakeFiles/CMakeTmp

Run Build Command:"/usr/bin/xcodebuild" "-project" "CMAKE_TRY_COMPILE.xcodeproj" "build" "-target" "cmTC_4c9e6" "-configuration" "Debug"
=== BUILD TARGET cmTC_4c9e6 OF PROJECT CMAKE_TRY_COMPILE WITH CONFIGURATION Debug ===

Check dependencies

Write auxiliary files
/bin/mkdir -p /Users/paul/Code/github/paulevans/mahrune/ext/llvm/build/xcode/CMakeFiles/CMakeTmp/CMAKE_TRY_COMPILE.build/Debug/cmTC_4c9e6.build/Objects-normal/x86_64
write-file /Users/paul/Code/github/paulevans/mahrune/ext/llvm/build/xcode/CMakeFiles/CMakeTmp/CMAKE_TRY_COMPILE.build/Debug/cmTC_4c9e6.build/Objects-normal/x86_64/cmTC_4c9e6.LinkFileList

CompileC CMAKE_TRY_COMPILE.build/Debug/cmTC_4c9e6.build/Objects-normal/x86_64/CheckIncludeFile.o CheckIncludeFile.c normal x86_64 c com.apple.compilers.llvm.clang.1_0.compiler
    cd /Users/paul/Code/github/paulevans/mahrune/ext/llvm/build/xcode/CMakeFiles/CMakeTmp
    export LANG=en_US.US-ASCII
    /Applications/Xcode.app/Contents/Developer/Toolchains/XcodeDefault.xctoolchain/usr/bin/clang -x c -arch x86_64 -fmessage-length=0 -fdiagnostics-show-note-include-stack -fmacro-backtrace-limit=0 -Wno-trigraphs -fpascal-strings -O0 -Wno-missing-field-initializers -Wno-missing-prototypes -Wno-return-type -Wno-missing-braces -Wparentheses -Wswitch -Wno-unused-function -Wno-unused-label -Wno-unused-parameter -Wno-unused-variable -Wunused-value -Wno-empty-body -Wno-uninitialized -Wno-unknown-pragmas -Wno-shadow -Wno-four-char-constants -Wno-conversion -Wno-constant-conversion -Wno-int-conversion -Wno-bool-conversion -Wno-enum-conversion -Wno-shorten-64-to-32 -Wpointer-sign -Wno-newline-eof -DCMAKE_INTDIR=\"Debug\" -isysroot /Applications/Xcode.app/Contents/Developer/Platforms/MacOSX.platform/Developer/SDKs/MacOSX10.11.sdk -fasm-blocks -fstrict-aliasing -Wdeprecated-declarations -mmacosx-version-min=10.11 -g -Wno-sign-conversion -I/Users/paul/Code/github/paulevans/mahrune/ext/llvm/build/xcode/CMakeFiles/CMakeTmp/Debug/include -I/Users/paul/Code/github/paulevans/mahrune/ext/llvm/build/xcode/CMakeFiles/CMakeTmp/CMAKE_TRY_COMPILE.build/Debug/cmTC_4c9e6.build/DerivedSources/x86_64 -I/Users/paul/Code/github/paulevans/mahrune/ext/llvm/build/xcode/CMakeFiles/CMakeTmp/CMAKE_TRY_COMPILE.build/Debug/cmTC_4c9e6.build/DerivedSources -Wmost -Wno-four-char-constants -Wno-unknown-pragmas -F/Users/paul/Code/github/paulevans/mahrune/ext/llvm/build/xcode/CMakeFiles/CMakeTmp/Debug -MMD -MT dependencies -MF /Users/paul/Code/github/paulevans/mahrune/ext/llvm/build/xcode/CMakeFiles/CMakeTmp/CMAKE_TRY_COMPILE.build/Debug/cmTC_4c9e6.build/Objects-normal/x86_64/CheckIncludeFile.d --serialize-diagnostics /Users/paul/Code/github/paulevans/mahrune/ext/llvm/build/xcode/CMakeFiles/CMakeTmp/CMAKE_TRY_COMPILE.build/Debug/cmTC_4c9e6.build/Objects-normal/x86_64/CheckIncludeFile.dia -c /Users/paul/Code/github/paulevans/mahrune/ext/llvm/build/xcode/CMakeFiles/CMakeTmp/CheckIncludeFile.c -o /Users/paul/Code/github/paulevans/mahrune/ext/llvm/build/xcode/CMakeFiles/CMakeTmp/CMAKE_TRY_COMPILE.build/Debug/cmTC_4c9e6.build/Objects-normal/x86_64/CheckIncludeFile.o
/Users/paul/Code/github/paulevans/mahrune/ext/llvm/build/xcode/CMakeFiles/CMakeTmp/CheckIncludeFile.c:1:10: fatal error: 'valgrind/valgrind.h' file not found
#include <valgrind/valgrind.h>
         ^
1 error generated.

** BUILD FAILED **


The following build commands failed:
	CompileC CMAKE_TRY_COMPILE.build/Debug/cmTC_4c9e6.build/Objects-normal/x86_64/CheckIncludeFile.o CheckIncludeFile.c normal x86_64 c com.apple.compilers.llvm.clang.1_0.compiler
(1 failure)


Determining if the function clock_gettime exists in the rt failed with the following output:
Change Dir: /Users/paul/Code/github/paulevans/mahrune/ext/llvm/build/xcode/CMakeFiles/CMakeTmp

Run Build Command:"/usr/bin/xcodebuild" "-project" "CMAKE_TRY_COMPILE.xcodeproj" "build" "-target" "cmTC_e6cf5" "-configuration" "Debug"
=== BUILD TARGET cmTC_e6cf5 OF PROJECT CMAKE_TRY_COMPILE WITH CONFIGURATION Debug ===

Check dependencies

Write auxiliary files
/bin/mkdir -p /Users/paul/Code/github/paulevans/mahrune/ext/llvm/build/xcode/CMakeFiles/CMakeTmp/CMAKE_TRY_COMPILE.build/Debug/cmTC_e6cf5.build/Objects-normal/x86_64
write-file /Users/paul/Code/github/paulevans/mahrune/ext/llvm/build/xcode/CMakeFiles/CMakeTmp/CMAKE_TRY_COMPILE.build/Debug/cmTC_e6cf5.build/Objects-normal/x86_64/cmTC_e6cf5.LinkFileList

CompileC CMAKE_TRY_COMPILE.build/Debug/cmTC_e6cf5.build/Objects-normal/x86_64/CheckFunctionExists.o /opt/local/share/cmake-3.3/Modules/CheckFunctionExists.c normal x86_64 c com.apple.compilers.llvm.clang.1_0.compiler
    cd /Users/paul/Code/github/paulevans/mahrune/ext/llvm/build/xcode/CMakeFiles/CMakeTmp
    export LANG=en_US.US-ASCII
    /Applications/Xcode.app/Contents/Developer/Toolchains/XcodeDefault.xctoolchain/usr/bin/clang -x c -arch x86_64 -fmessage-length=0 -fdiagnostics-show-note-include-stack -fmacro-backtrace-limit=0 -Wno-trigraphs -fpascal-strings -O0 -Wno-missing-field-initializers -Wno-missing-prototypes -Wno-return-type -Wno-missing-braces -Wparentheses -Wswitch -Wno-unused-function -Wno-unused-label -Wno-unused-parameter -Wno-unused-variable -Wunused-value -Wno-empty-body -Wno-uninitialized -Wno-unknown-pragmas -Wno-shadow -Wno-four-char-constants -Wno-conversion -Wno-constant-conversion -Wno-int-conversion -Wno-bool-conversion -Wno-enum-conversion -Wno-shorten-64-to-32 -Wpointer-sign -Wno-newline-eof -DCMAKE_INTDIR=\"Debug\" -isysroot /Applications/Xcode.app/Contents/Developer/Platforms/MacOSX.platform/Developer/SDKs/MacOSX10.11.sdk -fasm-blocks -fstrict-aliasing -Wdeprecated-declarations -mmacosx-version-min=10.11 -g -Wno-sign-conversion -I/Users/paul/Code/github/paulevans/mahrune/ext/llvm/build/xcode/CMakeFiles/CMakeTmp/Debug/include -I/Users/paul/Code/github/paulevans/mahrune/ext/llvm/build/xcode/CMakeFiles/CMakeTmp/CMAKE_TRY_COMPILE.build/Debug/cmTC_e6cf5.build/DerivedSources/x86_64 -I/Users/paul/Code/github/paulevans/mahrune/ext/llvm/build/xcode/CMakeFiles/CMakeTmp/CMAKE_TRY_COMPILE.build/Debug/cmTC_e6cf5.build/DerivedSources -Wmost -Wno-four-char-constants -Wno-unknown-pragmas -F/Users/paul/Code/github/paulevans/mahrune/ext/llvm/build/xcode/CMakeFiles/CMakeTmp/Debug -DCHECK_FUNCTION_EXISTS=clock_gettime -MMD -MT dependencies -MF /Users/paul/Code/github/paulevans/mahrune/ext/llvm/build/xcode/CMakeFiles/CMakeTmp/CMAKE_TRY_COMPILE.build/Debug/cmTC_e6cf5.build/Objects-normal/x86_64/CheckFunctionExists.d --serialize-diagnostics /Users/paul/Code/github/paulevans/mahrune/ext/llvm/build/xcode/CMakeFiles/CMakeTmp/CMAKE_TRY_COMPILE.build/Debug/cmTC_e6cf5.build/Objects-normal/x86_64/CheckFunctionExists.dia -c /opt/local/share/cmake-3.3/Modules/CheckFunctionExists.c -o /Users/paul/Code/github/paulevans/mahrune/ext/llvm/build/xcode/CMakeFiles/CMakeTmp/CMAKE_TRY_COMPILE.build/Debug/cmTC_e6cf5.build/Objects-normal/x86_64/CheckFunctionExists.o

Ld Debug/cmTC_e6cf5 normal x86_64
    cd /Users/paul/Code/github/paulevans/mahrune/ext/llvm/build/xcode/CMakeFiles/CMakeTmp
    export MACOSX_DEPLOYMENT_TARGET=10.11
    /Applications/Xcode.app/Contents/Developer/Toolchains/XcodeDefault.xctoolchain/usr/bin/clang -arch x86_64 -isysroot /Applications/Xcode.app/Contents/Developer/Platforms/MacOSX.platform/Developer/SDKs/MacOSX10.11.sdk -L/Users/paul/Code/github/paulevans/mahrune/ext/llvm/build/xcode/CMakeFiles/CMakeTmp/Debug -F/Users/paul/Code/github/paulevans/mahrune/ext/llvm/build/xcode/CMakeFiles/CMakeTmp/Debug -filelist /Users/paul/Code/github/paulevans/mahrune/ext/llvm/build/xcode/CMakeFiles/CMakeTmp/CMAKE_TRY_COMPILE.build/Debug/cmTC_e6cf5.build/Objects-normal/x86_64/cmTC_e6cf5.LinkFileList -mmacosx-version-min=10.11 -Wl,-search_paths_first -Wl,-headerpad_max_install_names -lrt -lm -Xlinker -dependency_info -Xlinker /Users/paul/Code/github/paulevans/mahrune/ext/llvm/build/xcode/CMakeFiles/CMakeTmp/CMAKE_TRY_COMPILE.build/Debug/cmTC_e6cf5.build/Objects-normal/x86_64/cmTC_e6cf5_dependency_info.dat -o /Users/paul/Code/github/paulevans/mahrune/ext/llvm/build/xcode/CMakeFiles/CMakeTmp/Debug/cmTC_e6cf5
ld: library not found for -lrt
clang: error: linker command failed with exit code 1 (use -v to see invocation)

** BUILD FAILED **


The following build commands failed:
	Ld Debug/cmTC_e6cf5 normal x86_64
(1 failure)


Determining if the function setupterm exists in the tinfo failed with the following output:
Change Dir: /Users/paul/Code/github/paulevans/mahrune/ext/llvm/build/xcode/CMakeFiles/CMakeTmp

Run Build Command:"/usr/bin/xcodebuild" "-project" "CMAKE_TRY_COMPILE.xcodeproj" "build" "-target" "cmTC_70839" "-configuration" "Debug"
=== BUILD TARGET cmTC_70839 OF PROJECT CMAKE_TRY_COMPILE WITH CONFIGURATION Debug ===

Check dependencies

Write auxiliary files
/bin/mkdir -p /Users/paul/Code/github/paulevans/mahrune/ext/llvm/build/xcode/CMakeFiles/CMakeTmp/CMAKE_TRY_COMPILE.build/Debug/cmTC_70839.build/Objects-normal/x86_64
write-file /Users/paul/Code/github/paulevans/mahrune/ext/llvm/build/xcode/CMakeFiles/CMakeTmp/CMAKE_TRY_COMPILE.build/Debug/cmTC_70839.build/Objects-normal/x86_64/cmTC_70839.LinkFileList

CompileC CMAKE_TRY_COMPILE.build/Debug/cmTC_70839.build/Objects-normal/x86_64/CheckFunctionExists.o /opt/local/share/cmake-3.3/Modules/CheckFunctionExists.c normal x86_64 c com.apple.compilers.llvm.clang.1_0.compiler
    cd /Users/paul/Code/github/paulevans/mahrune/ext/llvm/build/xcode/CMakeFiles/CMakeTmp
    export LANG=en_US.US-ASCII
    /Applications/Xcode.app/Contents/Developer/Toolchains/XcodeDefault.xctoolchain/usr/bin/clang -x c -arch x86_64 -fmessage-length=0 -fdiagnostics-show-note-include-stack -fmacro-backtrace-limit=0 -Wno-trigraphs -fpascal-strings -O0 -Wno-missing-field-initializers -Wno-missing-prototypes -Wno-return-type -Wno-missing-braces -Wparentheses -Wswitch -Wno-unused-function -Wno-unused-label -Wno-unused-parameter -Wno-unused-variable -Wunused-value -Wno-empty-body -Wno-uninitialized -Wno-unknown-pragmas -Wno-shadow -Wno-four-char-constants -Wno-conversion -Wno-constant-conversion -Wno-int-conversion -Wno-bool-conversion -Wno-enum-conversion -Wno-shorten-64-to-32 -Wpointer-sign -Wno-newline-eof -DCMAKE_INTDIR=\"Debug\" -isysroot /Applications/Xcode.app/Contents/Developer/Platforms/MacOSX.platform/Developer/SDKs/MacOSX10.11.sdk -fasm-blocks -fstrict-aliasing -Wdeprecated-declarations -mmacosx-version-min=10.11 -g -Wno-sign-conversion -I/Users/paul/Code/github/paulevans/mahrune/ext/llvm/build/xcode/CMakeFiles/CMakeTmp/Debug/include -I/Users/paul/Code/github/paulevans/mahrune/ext/llvm/build/xcode/CMakeFiles/CMakeTmp/CMAKE_TRY_COMPILE.build/Debug/cmTC_70839.build/DerivedSources/x86_64 -I/Users/paul/Code/github/paulevans/mahrune/ext/llvm/build/xcode/CMakeFiles/CMakeTmp/CMAKE_TRY_COMPILE.build/Debug/cmTC_70839.build/DerivedSources -Wmost -Wno-four-char-constants -Wno-unknown-pragmas -F/Users/paul/Code/github/paulevans/mahrune/ext/llvm/build/xcode/CMakeFiles/CMakeTmp/Debug -DCHECK_FUNCTION_EXISTS=setupterm -MMD -MT dependencies -MF /Users/paul/Code/github/paulevans/mahrune/ext/llvm/build/xcode/CMakeFiles/CMakeTmp/CMAKE_TRY_COMPILE.build/Debug/cmTC_70839.build/Objects-normal/x86_64/CheckFunctionExists.d --serialize-diagnostics /Users/paul/Code/github/paulevans/mahrune/ext/llvm/build/xcode/CMakeFiles/CMakeTmp/CMAKE_TRY_COMPILE.build/Debug/cmTC_70839.build/Objects-normal/x86_64/CheckFunctionExists.dia -c /opt/local/share/cmake-3.3/Modules/CheckFunctionExists.c -o /Users/paul/Code/github/paulevans/mahrune/ext/llvm/build/xcode/CMakeFiles/CMakeTmp/CMAKE_TRY_COMPILE.build/Debug/cmTC_70839.build/Objects-normal/x86_64/CheckFunctionExists.o

Ld Debug/cmTC_70839 normal x86_64
    cd /Users/paul/Code/github/paulevans/mahrune/ext/llvm/build/xcode/CMakeFiles/CMakeTmp
    export MACOSX_DEPLOYMENT_TARGET=10.11
    /Applications/Xcode.app/Contents/Developer/Toolchains/XcodeDefault.xctoolchain/usr/bin/clang -arch x86_64 -isysroot /Applications/Xcode.app/Contents/Developer/Platforms/MacOSX.platform/Developer/SDKs/MacOSX10.11.sdk -L/Users/paul/Code/github/paulevans/mahrune/ext/llvm/build/xcode/CMakeFiles/CMakeTmp/Debug -F/Users/paul/Code/github/paulevans/mahrune/ext/llvm/build/xcode/CMakeFiles/CMakeTmp/Debug -filelist /Users/paul/Code/github/paulevans/mahrune/ext/llvm/build/xcode/CMakeFiles/CMakeTmp/CMAKE_TRY_COMPILE.build/Debug/cmTC_70839.build/Objects-normal/x86_64/cmTC_70839.LinkFileList -mmacosx-version-min=10.11 -Wl,-search_paths_first -Wl,-headerpad_max_install_names -ltinfo -lm -Xlinker -dependency_info -Xlinker /Users/paul/Code/github/paulevans/mahrune/ext/llvm/build/xcode/CMakeFiles/CMakeTmp/CMAKE_TRY_COMPILE.build/Debug/cmTC_70839.build/Objects-normal/x86_64/cmTC_70839_dependency_info.dat -o /Users/paul/Code/github/paulevans/mahrune/ext/llvm/build/xcode/CMakeFiles/CMakeTmp/Debug/cmTC_70839
ld: library not found for -ltinfo
clang: error: linker command failed with exit code 1 (use -v to see invocation)

** BUILD FAILED **


The following build commands failed:
	Ld Debug/cmTC_70839 normal x86_64
(1 failure)


Determining if the function setupterm exists in the terminfo failed with the following output:
Change Dir: /Users/paul/Code/github/paulevans/mahrune/ext/llvm/build/xcode/CMakeFiles/CMakeTmp

Run Build Command:"/usr/bin/xcodebuild" "-project" "CMAKE_TRY_COMPILE.xcodeproj" "build" "-target" "cmTC_b0f47" "-configuration" "Debug"
=== BUILD TARGET cmTC_b0f47 OF PROJECT CMAKE_TRY_COMPILE WITH CONFIGURATION Debug ===

Check dependencies

Write auxiliary files
/bin/mkdir -p /Users/paul/Code/github/paulevans/mahrune/ext/llvm/build/xcode/CMakeFiles/CMakeTmp/CMAKE_TRY_COMPILE.build/Debug/cmTC_b0f47.build/Objects-normal/x86_64
write-file /Users/paul/Code/github/paulevans/mahrune/ext/llvm/build/xcode/CMakeFiles/CMakeTmp/CMAKE_TRY_COMPILE.build/Debug/cmTC_b0f47.build/Objects-normal/x86_64/cmTC_b0f47.LinkFileList

CompileC CMAKE_TRY_COMPILE.build/Debug/cmTC_b0f47.build/Objects-normal/x86_64/CheckFunctionExists.o /opt/local/share/cmake-3.3/Modules/CheckFunctionExists.c normal x86_64 c com.apple.compilers.llvm.clang.1_0.compiler
    cd /Users/paul/Code/github/paulevans/mahrune/ext/llvm/build/xcode/CMakeFiles/CMakeTmp
    export LANG=en_US.US-ASCII
    /Applications/Xcode.app/Contents/Developer/Toolchains/XcodeDefault.xctoolchain/usr/bin/clang -x c -arch x86_64 -fmessage-length=0 -fdiagnostics-show-note-include-stack -fmacro-backtrace-limit=0 -Wno-trigraphs -fpascal-strings -O0 -Wno-missing-field-initializers -Wno-missing-prototypes -Wno-return-type -Wno-missing-braces -Wparentheses -Wswitch -Wno-unused-function -Wno-unused-label -Wno-unused-parameter -Wno-unused-variable -Wunused-value -Wno-empty-body -Wno-uninitialized -Wno-unknown-pragmas -Wno-shadow -Wno-four-char-constants -Wno-conversion -Wno-constant-conversion -Wno-int-conversion -Wno-bool-conversion -Wno-enum-conversion -Wno-shorten-64-to-32 -Wpointer-sign -Wno-newline-eof -DCMAKE_INTDIR=\"Debug\" -isysroot /Applications/Xcode.app/Contents/Developer/Platforms/MacOSX.platform/Developer/SDKs/MacOSX10.11.sdk -fasm-blocks -fstrict-aliasing -Wdeprecated-declarations -mmacosx-version-min=10.11 -g -Wno-sign-conversion -I/Users/paul/Code/github/paulevans/mahrune/ext/llvm/build/xcode/CMakeFiles/CMakeTmp/Debug/include -I/Users/paul/Code/github/paulevans/mahrune/ext/llvm/build/xcode/CMakeFiles/CMakeTmp/CMAKE_TRY_COMPILE.build/Debug/cmTC_b0f47.build/DerivedSources/x86_64 -I/Users/paul/Code/github/paulevans/mahrune/ext/llvm/build/xcode/CMakeFiles/CMakeTmp/CMAKE_TRY_COMPILE.build/Debug/cmTC_b0f47.build/DerivedSources -Wmost -Wno-four-char-constants -Wno-unknown-pragmas -F/Users/paul/Code/github/paulevans/mahrune/ext/llvm/build/xcode/CMakeFiles/CMakeTmp/Debug -DCHECK_FUNCTION_EXISTS=setupterm -MMD -MT dependencies -MF /Users/paul/Code/github/paulevans/mahrune/ext/llvm/build/xcode/CMakeFiles/CMakeTmp/CMAKE_TRY_COMPILE.build/Debug/cmTC_b0f47.build/Objects-normal/x86_64/CheckFunctionExists.d --serialize-diagnostics /Users/paul/Code/github/paulevans/mahrune/ext/llvm/build/xcode/CMakeFiles/CMakeTmp/CMAKE_TRY_COMPILE.build/Debug/cmTC_b0f47.build/Objects-normal/x86_64/CheckFunctionExists.dia -c /opt/local/share/cmake-3.3/Modules/CheckFunctionExists.c -o /Users/paul/Code/github/paulevans/mahrune/ext/llvm/build/xcode/CMakeFiles/CMakeTmp/CMAKE_TRY_COMPILE.build/Debug/cmTC_b0f47.build/Objects-normal/x86_64/CheckFunctionExists.o

Ld Debug/cmTC_b0f47 normal x86_64
    cd /Users/paul/Code/github/paulevans/mahrune/ext/llvm/build/xcode/CMakeFiles/CMakeTmp
    export MACOSX_DEPLOYMENT_TARGET=10.11
    /Applications/Xcode.app/Contents/Developer/Toolchains/XcodeDefault.xctoolchain/usr/bin/clang -arch x86_64 -isysroot /Applications/Xcode.app/Contents/Developer/Platforms/MacOSX.platform/Developer/SDKs/MacOSX10.11.sdk -L/Users/paul/Code/github/paulevans/mahrune/ext/llvm/build/xcode/CMakeFiles/CMakeTmp/Debug -F/Users/paul/Code/github/paulevans/mahrune/ext/llvm/build/xcode/CMakeFiles/CMakeTmp/Debug -filelist /Users/paul/Code/github/paulevans/mahrune/ext/llvm/build/xcode/CMakeFiles/CMakeTmp/CMAKE_TRY_COMPILE.build/Debug/cmTC_b0f47.build/Objects-normal/x86_64/cmTC_b0f47.LinkFileList -mmacosx-version-min=10.11 -Wl,-search_paths_first -Wl,-headerpad_max_install_names -lterminfo -lm -Xlinker -dependency_info -Xlinker /Users/paul/Code/github/paulevans/mahrune/ext/llvm/build/xcode/CMakeFiles/CMakeTmp/CMAKE_TRY_COMPILE.build/Debug/cmTC_b0f47.build/Objects-normal/x86_64/cmTC_b0f47_dependency_info.dat -o /Users/paul/Code/github/paulevans/mahrune/ext/llvm/build/xcode/CMakeFiles/CMakeTmp/Debug/cmTC_b0f47
ld: library not found for -lterminfo
clang: error: linker command failed with exit code 1 (use -v to see invocation)

** BUILD FAILED **


The following build commands failed:
	Ld Debug/cmTC_b0f47 normal x86_64
(1 failure)


Determining if the futimens exist failed with the following output:
Change Dir: /Users/paul/Code/github/paulevans/mahrune/ext/llvm/build/xcode/CMakeFiles/CMakeTmp

Run Build Command:"/usr/bin/xcodebuild" "-project" "CMAKE_TRY_COMPILE.xcodeproj" "build" "-target" "cmTC_85db4" "-configuration" "Debug"
=== BUILD TARGET cmTC_85db4 OF PROJECT CMAKE_TRY_COMPILE WITH CONFIGURATION Debug ===

Check dependencies

Write auxiliary files
/bin/mkdir -p /Users/paul/Code/github/paulevans/mahrune/ext/llvm/build/xcode/CMakeFiles/CMakeTmp/CMAKE_TRY_COMPILE.build/Debug/cmTC_85db4.build/Objects-normal/x86_64
write-file /Users/paul/Code/github/paulevans/mahrune/ext/llvm/build/xcode/CMakeFiles/CMakeTmp/CMAKE_TRY_COMPILE.build/Debug/cmTC_85db4.build/Objects-normal/x86_64/cmTC_85db4.LinkFileList

CompileC CMAKE_TRY_COMPILE.build/Debug/cmTC_85db4.build/Objects-normal/x86_64/CheckSymbolExists.o CheckSymbolExists.c normal x86_64 c com.apple.compilers.llvm.clang.1_0.compiler
    cd /Users/paul/Code/github/paulevans/mahrune/ext/llvm/build/xcode/CMakeFiles/CMakeTmp
    export LANG=en_US.US-ASCII
    /Applications/Xcode.app/Contents/Developer/Toolchains/XcodeDefault.xctoolchain/usr/bin/clang -x c -arch x86_64 -fmessage-length=0 -fdiagnostics-show-note-include-stack -fmacro-backtrace-limit=0 -Wno-trigraphs -fpascal-strings -O0 -Wno-missing-field-initializers -Wno-missing-prototypes -Wno-return-type -Wno-missing-braces -Wparentheses -Wswitch -Wno-unused-function -Wno-unused-label -Wno-unused-parameter -Wno-unused-variable -Wunused-value -Wno-empty-body -Wno-uninitialized -Wno-unknown-pragmas -Wno-shadow -Wno-four-char-constants -Wno-conversion -Wno-constant-conversion -Wno-int-conversion -Wno-bool-conversion -Wno-enum-conversion -Wno-shorten-64-to-32 -Wpointer-sign -Wno-newline-eof -DCMAKE_INTDIR=\"Debug\" -isysroot /Applications/Xcode.app/Contents/Developer/Platforms/MacOSX.platform/Developer/SDKs/MacOSX10.11.sdk -fasm-blocks -fstrict-aliasing -Wdeprecated-declarations -mmacosx-version-min=10.11 -g -Wno-sign-conversion -I/Users/paul/Code/github/paulevans/mahrune/ext/llvm/build/xcode/CMakeFiles/CMakeTmp/Debug/include -I/Users/paul/Code/github/paulevans/mahrune/ext/llvm/build/xcode/CMakeFiles/CMakeTmp/CMAKE_TRY_COMPILE.build/Debug/cmTC_85db4.build/DerivedSources/x86_64 -I/Users/paul/Code/github/paulevans/mahrune/ext/llvm/build/xcode/CMakeFiles/CMakeTmp/CMAKE_TRY_COMPILE.build/Debug/cmTC_85db4.build/DerivedSources -Wmost -Wno-four-char-constants -Wno-unknown-pragmas -F/Users/paul/Code/github/paulevans/mahrune/ext/llvm/build/xcode/CMakeFiles/CMakeTmp/Debug -MMD -MT dependencies -MF /Users/paul/Code/github/paulevans/mahrune/ext/llvm/build/xcode/CMakeFiles/CMakeTmp/CMAKE_TRY_COMPILE.build/Debug/cmTC_85db4.build/Objects-normal/x86_64/CheckSymbolExists.d --serialize-diagnostics /Users/paul/Code/github/paulevans/mahrune/ext/llvm/build/xcode/CMakeFiles/CMakeTmp/CMAKE_TRY_COMPILE.build/Debug/cmTC_85db4.build/Objects-normal/x86_64/CheckSymbolExists.dia -c /Users/paul/Code/github/paulevans/mahrune/ext/llvm/build/xcode/CMakeFiles/CMakeTmp/CheckSymbolExists.c -o /Users/paul/Code/github/paulevans/mahrune/ext/llvm/build/xcode/CMakeFiles/CMakeTmp/CMAKE_TRY_COMPILE.build/Debug/cmTC_85db4.build/Objects-normal/x86_64/CheckSymbolExists.o
/Users/paul/Code/github/paulevans/mahrune/ext/llvm/build/xcode/CMakeFiles/CMakeTmp/CheckSymbolExists.c:8:19: error: use of undeclared identifier 'futimens'
  return ((int*)(&futimens))[argc];
                  ^
1 error generated.

** BUILD FAILED **


The following build commands failed:
	CompileC CMAKE_TRY_COMPILE.build/Debug/cmTC_85db4.build/Objects-normal/x86_64/CheckSymbolExists.o CheckSymbolExists.c normal x86_64 c com.apple.compilers.llvm.clang.1_0.compiler
(1 failure)

File /Users/paul/Code/github/paulevans/mahrune/ext/llvm/build/xcode/CMakeFiles/CMakeTmp/CheckSymbolExists.c:
/* */
#include <sys/stat.h>

int main(int argc, char** argv)
{
  (void)argv;
#ifndef futimens
  return ((int*)(&futimens))[argc];
#else
  (void)argc;
  return 0;
#endif
}

Determining if the mallctl exist failed with the following output:
Change Dir: /Users/paul/Code/github/paulevans/mahrune/ext/llvm/build/xcode/CMakeFiles/CMakeTmp

Run Build Command:"/usr/bin/xcodebuild" "-project" "CMAKE_TRY_COMPILE.xcodeproj" "build" "-target" "cmTC_11778" "-configuration" "Debug"
=== BUILD TARGET cmTC_11778 OF PROJECT CMAKE_TRY_COMPILE WITH CONFIGURATION Debug ===

Check dependencies

Write auxiliary files
/bin/mkdir -p /Users/paul/Code/github/paulevans/mahrune/ext/llvm/build/xcode/CMakeFiles/CMakeTmp/CMAKE_TRY_COMPILE.build/Debug/cmTC_11778.build/Objects-normal/x86_64
write-file /Users/paul/Code/github/paulevans/mahrune/ext/llvm/build/xcode/CMakeFiles/CMakeTmp/CMAKE_TRY_COMPILE.build/Debug/cmTC_11778.build/Objects-normal/x86_64/cmTC_11778.LinkFileList

CompileC CMAKE_TRY_COMPILE.build/Debug/cmTC_11778.build/Objects-normal/x86_64/CheckSymbolExists.o CheckSymbolExists.c normal x86_64 c com.apple.compilers.llvm.clang.1_0.compiler
    cd /Users/paul/Code/github/paulevans/mahrune/ext/llvm/build/xcode/CMakeFiles/CMakeTmp
    export LANG=en_US.US-ASCII
    /Applications/Xcode.app/Contents/Developer/Toolchains/XcodeDefault.xctoolchain/usr/bin/clang -x c -arch x86_64 -fmessage-length=0 -fdiagnostics-show-note-include-stack -fmacro-backtrace-limit=0 -Wno-trigraphs -fpascal-strings -O0 -Wno-missing-field-initializers -Wno-missing-prototypes -Wno-return-type -Wno-missing-braces -Wparentheses -Wswitch -Wno-unused-function -Wno-unused-label -Wno-unused-parameter -Wno-unused-variable -Wunused-value -Wno-empty-body -Wno-uninitialized -Wno-unknown-pragmas -Wno-shadow -Wno-four-char-constants -Wno-conversion -Wno-constant-conversion -Wno-int-conversion -Wno-bool-conversion -Wno-enum-conversion -Wno-shorten-64-to-32 -Wpointer-sign -Wno-newline-eof -DCMAKE_INTDIR=\"Debug\" -isysroot /Applications/Xcode.app/Contents/Developer/Platforms/MacOSX.platform/Developer/SDKs/MacOSX10.11.sdk -fasm-blocks -fstrict-aliasing -Wdeprecated-declarations -mmacosx-version-min=10.11 -g -Wno-sign-conversion -I/Users/paul/Code/github/paulevans/mahrune/ext/llvm/build/xcode/CMakeFiles/CMakeTmp/Debug/include -I/Users/paul/Code/github/paulevans/mahrune/ext/llvm/build/xcode/CMakeFiles/CMakeTmp/CMAKE_TRY_COMPILE.build/Debug/cmTC_11778.build/DerivedSources/x86_64 -I/Users/paul/Code/github/paulevans/mahrune/ext/llvm/build/xcode/CMakeFiles/CMakeTmp/CMAKE_TRY_COMPILE.build/Debug/cmTC_11778.build/DerivedSources -Wmost -Wno-four-char-constants -Wno-unknown-pragmas -F/Users/paul/Code/github/paulevans/mahrune/ext/llvm/build/xcode/CMakeFiles/CMakeTmp/Debug -MMD -MT dependencies -MF /Users/paul/Code/github/paulevans/mahrune/ext/llvm/build/xcode/CMakeFiles/CMakeTmp/CMAKE_TRY_COMPILE.build/Debug/cmTC_11778.build/Objects-normal/x86_64/CheckSymbolExists.d --serialize-diagnostics /Users/paul/Code/github/paulevans/mahrune/ext/llvm/build/xcode/CMakeFiles/CMakeTmp/CMAKE_TRY_COMPILE.build/Debug/cmTC_11778.build/Objects-normal/x86_64/CheckSymbolExists.dia -c /Users/paul/Code/github/paulevans/mahrune/ext/llvm/build/xcode/CMakeFiles/CMakeTmp/CheckSymbolExists.c -o /Users/paul/Code/github/paulevans/mahrune/ext/llvm/build/xcode/CMakeFiles/CMakeTmp/CMAKE_TRY_COMPILE.build/Debug/cmTC_11778.build/Objects-normal/x86_64/CheckSymbolExists.o
/Users/paul/Code/github/paulevans/mahrune/ext/llvm/build/xcode/CMakeFiles/CMakeTmp/CheckSymbolExists.c:2:10: fatal error: 'malloc_np.h' file not found
#include <malloc_np.h>
         ^
1 error generated.

** BUILD FAILED **


The following build commands failed:
	CompileC CMAKE_TRY_COMPILE.build/Debug/cmTC_11778.build/Objects-normal/x86_64/CheckSymbolExists.o CheckSymbolExists.c normal x86_64 c com.apple.compilers.llvm.clang.1_0.compiler
(1 failure)

File /Users/paul/Code/github/paulevans/mahrune/ext/llvm/build/xcode/CMakeFiles/CMakeTmp/CheckSymbolExists.c:
/* */
#include <malloc_np.h>

int main(int argc, char** argv)
{
  (void)argv;
#ifndef mallctl
  return ((int*)(&mallctl))[argc];
#else
  (void)argc;
  return 0;
#endif
}

Determining if the mallinfo exist failed with the following output:
Change Dir: /Users/paul/Code/github/paulevans/mahrune/ext/llvm/build/xcode/CMakeFiles/CMakeTmp

Run Build Command:"/usr/bin/xcodebuild" "-project" "CMAKE_TRY_COMPILE.xcodeproj" "build" "-target" "cmTC_3791c" "-configuration" "Debug"
=== BUILD TARGET cmTC_3791c OF PROJECT CMAKE_TRY_COMPILE WITH CONFIGURATION Debug ===

Check dependencies

Write auxiliary files
/bin/mkdir -p /Users/paul/Code/github/paulevans/mahrune/ext/llvm/build/xcode/CMakeFiles/CMakeTmp/CMAKE_TRY_COMPILE.build/Debug/cmTC_3791c.build/Objects-normal/x86_64
write-file /Users/paul/Code/github/paulevans/mahrune/ext/llvm/build/xcode/CMakeFiles/CMakeTmp/CMAKE_TRY_COMPILE.build/Debug/cmTC_3791c.build/Objects-normal/x86_64/cmTC_3791c.LinkFileList

CompileC CMAKE_TRY_COMPILE.build/Debug/cmTC_3791c.build/Objects-normal/x86_64/CheckSymbolExists.o CheckSymbolExists.c normal x86_64 c com.apple.compilers.llvm.clang.1_0.compiler
    cd /Users/paul/Code/github/paulevans/mahrune/ext/llvm/build/xcode/CMakeFiles/CMakeTmp
    export LANG=en_US.US-ASCII
    /Applications/Xcode.app/Contents/Developer/Toolchains/XcodeDefault.xctoolchain/usr/bin/clang -x c -arch x86_64 -fmessage-length=0 -fdiagnostics-show-note-include-stack -fmacro-backtrace-limit=0 -Wno-trigraphs -fpascal-strings -O0 -Wno-missing-field-initializers -Wno-missing-prototypes -Wno-return-type -Wno-missing-braces -Wparentheses -Wswitch -Wno-unused-function -Wno-unused-label -Wno-unused-parameter -Wno-unused-variable -Wunused-value -Wno-empty-body -Wno-uninitialized -Wno-unknown-pragmas -Wno-shadow -Wno-four-char-constants -Wno-conversion -Wno-constant-conversion -Wno-int-conversion -Wno-bool-conversion -Wno-enum-conversion -Wno-shorten-64-to-32 -Wpointer-sign -Wno-newline-eof -DCMAKE_INTDIR=\"Debug\" -isysroot /Applications/Xcode.app/Contents/Developer/Platforms/MacOSX.platform/Developer/SDKs/MacOSX10.11.sdk -fasm-blocks -fstrict-aliasing -Wdeprecated-declarations -mmacosx-version-min=10.11 -g -Wno-sign-conversion -I/Users/paul/Code/github/paulevans/mahrune/ext/llvm/build/xcode/CMakeFiles/CMakeTmp/Debug/include -I/Users/paul/Code/github/paulevans/mahrune/ext/llvm/build/xcode/CMakeFiles/CMakeTmp/CMAKE_TRY_COMPILE.build/Debug/cmTC_3791c.build/DerivedSources/x86_64 -I/Users/paul/Code/github/paulevans/mahrune/ext/llvm/build/xcode/CMakeFiles/CMakeTmp/CMAKE_TRY_COMPILE.build/Debug/cmTC_3791c.build/DerivedSources -Wmost -Wno-four-char-constants -Wno-unknown-pragmas -F/Users/paul/Code/github/paulevans/mahrune/ext/llvm/build/xcode/CMakeFiles/CMakeTmp/Debug -MMD -MT dependencies -MF /Users/paul/Code/github/paulevans/mahrune/ext/llvm/build/xcode/CMakeFiles/CMakeTmp/CMAKE_TRY_COMPILE.build/Debug/cmTC_3791c.build/Objects-normal/x86_64/CheckSymbolExists.d --serialize-diagnostics /Users/paul/Code/github/paulevans/mahrune/ext/llvm/build/xcode/CMakeFiles/CMakeTmp/CMAKE_TRY_COMPILE.build/Debug/cmTC_3791c.build/Objects-normal/x86_64/CheckSymbolExists.dia -c /Users/paul/Code/github/paulevans/mahrune/ext/llvm/build/xcode/CMakeFiles/CMakeTmp/CheckSymbolExists.c -o /Users/paul/Code/github/paulevans/mahrune/ext/llvm/build/xcode/CMakeFiles/CMakeTmp/CMAKE_TRY_COMPILE.build/Debug/cmTC_3791c.build/Objects-normal/x86_64/CheckSymbolExists.o
/Users/paul/Code/github/paulevans/mahrune/ext/llvm/build/xcode/CMakeFiles/CMakeTmp/CheckSymbolExists.c:2:10: fatal error: 'malloc.h' file not found
#include <malloc.h>
         ^
1 error generated.

** BUILD FAILED **


The following build commands failed:
	CompileC CMAKE_TRY_COMPILE.build/Debug/cmTC_3791c.build/Objects-normal/x86_64/CheckSymbolExists.o CheckSymbolExists.c normal x86_64 c com.apple.compilers.llvm.clang.1_0.compiler
(1 failure)

File /Users/paul/Code/github/paulevans/mahrune/ext/llvm/build/xcode/CMakeFiles/CMakeTmp/CheckSymbolExists.c:
/* */
#include <malloc.h>

int main(int argc, char** argv)
{
  (void)argv;
#ifndef mallinfo
  return ((int*)(&mallinfo))[argc];
#else
  (void)argc;
  return 0;
#endif
}

Determining if the strerror_s exist failed with the following output:
Change Dir: /Users/paul/Code/github/paulevans/mahrune/ext/llvm/build/xcode/CMakeFiles/CMakeTmp

Run Build Command:"/usr/bin/xcodebuild" "-project" "CMAKE_TRY_COMPILE.xcodeproj" "build" "-target" "cmTC_9b41e" "-configuration" "Debug"
=== BUILD TARGET cmTC_9b41e OF PROJECT CMAKE_TRY_COMPILE WITH CONFIGURATION Debug ===

Check dependencies

Write auxiliary files
/bin/mkdir -p /Users/paul/Code/github/paulevans/mahrune/ext/llvm/build/xcode/CMakeFiles/CMakeTmp/CMAKE_TRY_COMPILE.build/Debug/cmTC_9b41e.build/Objects-normal/x86_64
write-file /Users/paul/Code/github/paulevans/mahrune/ext/llvm/build/xcode/CMakeFiles/CMakeTmp/CMAKE_TRY_COMPILE.build/Debug/cmTC_9b41e.build/Objects-normal/x86_64/cmTC_9b41e.LinkFileList

CompileC CMAKE_TRY_COMPILE.build/Debug/cmTC_9b41e.build/Objects-normal/x86_64/CheckSymbolExists.o CheckSymbolExists.c normal x86_64 c com.apple.compilers.llvm.clang.1_0.compiler
    cd /Users/paul/Code/github/paulevans/mahrune/ext/llvm/build/xcode/CMakeFiles/CMakeTmp
    export LANG=en_US.US-ASCII
    /Applications/Xcode.app/Contents/Developer/Toolchains/XcodeDefault.xctoolchain/usr/bin/clang -x c -arch x86_64 -fmessage-length=0 -fdiagnostics-show-note-include-stack -fmacro-backtrace-limit=0 -Wno-trigraphs -fpascal-strings -O0 -Wno-missing-field-initializers -Wno-missing-prototypes -Wno-return-type -Wno-missing-braces -Wparentheses -Wswitch -Wno-unused-function -Wno-unused-label -Wno-unused-parameter -Wno-unused-variable -Wunused-value -Wno-empty-body -Wno-uninitialized -Wno-unknown-pragmas -Wno-shadow -Wno-four-char-constants -Wno-conversion -Wno-constant-conversion -Wno-int-conversion -Wno-bool-conversion -Wno-enum-conversion -Wno-shorten-64-to-32 -Wpointer-sign -Wno-newline-eof -DCMAKE_INTDIR=\"Debug\" -isysroot /Applications/Xcode.app/Contents/Developer/Platforms/MacOSX.platform/Developer/SDKs/MacOSX10.11.sdk -fasm-blocks -fstrict-aliasing -Wdeprecated-declarations -mmacosx-version-min=10.11 -g -Wno-sign-conversion -I/Users/paul/Code/github/paulevans/mahrune/ext/llvm/build/xcode/CMakeFiles/CMakeTmp/Debug/include -I/Users/paul/Code/github/paulevans/mahrune/ext/llvm/build/xcode/CMakeFiles/CMakeTmp/CMAKE_TRY_COMPILE.build/Debug/cmTC_9b41e.build/DerivedSources/x86_64 -I/Users/paul/Code/github/paulevans/mahrune/ext/llvm/build/xcode/CMakeFiles/CMakeTmp/CMAKE_TRY_COMPILE.build/Debug/cmTC_9b41e.build/DerivedSources -Wmost -Wno-four-char-constants -Wno-unknown-pragmas -F/Users/paul/Code/github/paulevans/mahrune/ext/llvm/build/xcode/CMakeFiles/CMakeTmp/Debug -MMD -MT dependencies -MF /Users/paul/Code/github/paulevans/mahrune/ext/llvm/build/xcode/CMakeFiles/CMakeTmp/CMAKE_TRY_COMPILE.build/Debug/cmTC_9b41e.build/Objects-normal/x86_64/CheckSymbolExists.d --serialize-diagnostics /Users/paul/Code/github/paulevans/mahrune/ext/llvm/build/xcode/CMakeFiles/CMakeTmp/CMAKE_TRY_COMPILE.build/Debug/cmTC_9b41e.build/Objects-normal/x86_64/CheckSymbolExists.dia -c /Users/paul/Code/github/paulevans/mahrune/ext/llvm/build/xcode/CMakeFiles/CMakeTmp/CheckSymbolExists.c -o /Users/paul/Code/github/paulevans/mahrune/ext/llvm/build/xcode/CMakeFiles/CMakeTmp/CMAKE_TRY_COMPILE.build/Debug/cmTC_9b41e.build/Objects-normal/x86_64/CheckSymbolExists.o
/Users/paul/Code/github/paulevans/mahrune/ext/llvm/build/xcode/CMakeFiles/CMakeTmp/CheckSymbolExists.c:8:19: error: use of undeclared identifier 'strerror_s'; did you mean 'strerror_r'?
  return ((int*)(&strerror_s))[argc];
                  ^~~~~~~~~~
                  strerror_r
In file included from /Users/paul/Code/github/paulevans/mahrune/ext/llvm/build/xcode/CMakeFiles/CMakeTmp/CheckSymbolExists.c:2:
/Applications/Xcode.app/Contents/Developer/Platforms/MacOSX.platform/Developer/SDKs/MacOSX10.11.sdk/usr/include/string.h:116:6: note: 'strerror_r' declared here
int      strerror_r(int, char *, size_t);
         ^
1 error generated.

** BUILD FAILED **


The following build commands failed:
	CompileC CMAKE_TRY_COMPILE.build/Debug/cmTC_9b41e.build/Objects-normal/x86_64/CheckSymbolExists.o CheckSymbolExists.c normal x86_64 c com.apple.compilers.llvm.clang.1_0.compiler
(1 failure)

File /Users/paul/Code/github/paulevans/mahrune/ext/llvm/build/xcode/CMakeFiles/CMakeTmp/CheckSymbolExists.c:
/* */
#include <string.h>

int main(int argc, char** argv)
{
  (void)argv;
#ifndef strerror_s
  return ((int*)(&strerror_s))[argc];
#else
  (void)argc;
  return 0;
#endif
}

Determining if the __GLIBC__ exist failed with the following output:
Change Dir: /Users/paul/Code/github/paulevans/mahrune/ext/llvm/build/xcode/CMakeFiles/CMakeTmp

Run Build Command:"/usr/bin/xcodebuild" "-project" "CMAKE_TRY_COMPILE.xcodeproj" "build" "-target" "cmTC_15e20" "-configuration" "Debug"
=== BUILD TARGET cmTC_15e20 OF PROJECT CMAKE_TRY_COMPILE WITH CONFIGURATION Debug ===

Check dependencies

Write auxiliary files
/bin/mkdir -p /Users/paul/Code/github/paulevans/mahrune/ext/llvm/build/xcode/CMakeFiles/CMakeTmp/CMAKE_TRY_COMPILE.build/Debug/cmTC_15e20.build/Objects-normal/x86_64
write-file /Users/paul/Code/github/paulevans/mahrune/ext/llvm/build/xcode/CMakeFiles/CMakeTmp/CMAKE_TRY_COMPILE.build/Debug/cmTC_15e20.build/Objects-normal/x86_64/cmTC_15e20.LinkFileList

CompileC CMAKE_TRY_COMPILE.build/Debug/cmTC_15e20.build/Objects-normal/x86_64/CheckSymbolExists.o CheckSymbolExists.c normal x86_64 c com.apple.compilers.llvm.clang.1_0.compiler
    cd /Users/paul/Code/github/paulevans/mahrune/ext/llvm/build/xcode/CMakeFiles/CMakeTmp
    export LANG=en_US.US-ASCII
    /Applications/Xcode.app/Contents/Developer/Toolchains/XcodeDefault.xctoolchain/usr/bin/clang -x c -arch x86_64 -fmessage-length=0 -fdiagnostics-show-note-include-stack -fmacro-backtrace-limit=0 -Wno-trigraphs -fpascal-strings -O0 -Wno-missing-field-initializers -Wno-missing-prototypes -Wno-return-type -Wno-missing-braces -Wparentheses -Wswitch -Wno-unused-function -Wno-unused-label -Wno-unused-parameter -Wno-unused-variable -Wunused-value -Wno-empty-body -Wno-uninitialized -Wno-unknown-pragmas -Wno-shadow -Wno-four-char-constants -Wno-conversion -Wno-constant-conversion -Wno-int-conversion -Wno-bool-conversion -Wno-enum-conversion -Wno-shorten-64-to-32 -Wpointer-sign -Wno-newline-eof -DCMAKE_INTDIR=\"Debug\" -isysroot /Applications/Xcode.app/Contents/Developer/Platforms/MacOSX.platform/Developer/SDKs/MacOSX10.11.sdk -fasm-blocks -fstrict-aliasing -Wdeprecated-declarations -mmacosx-version-min=10.11 -g -Wno-sign-conversion -I/Users/paul/Code/github/paulevans/mahrune/ext/llvm/build/xcode/CMakeFiles/CMakeTmp/Debug/include -I/Users/paul/Code/github/paulevans/mahrune/ext/llvm/build/xcode/CMakeFiles/CMakeTmp/CMAKE_TRY_COMPILE.build/Debug/cmTC_15e20.build/DerivedSources/x86_64 -I/Users/paul/Code/github/paulevans/mahrune/ext/llvm/build/xcode/CMakeFiles/CMakeTmp/CMAKE_TRY_COMPILE.build/Debug/cmTC_15e20.build/DerivedSources -Wmost -Wno-four-char-constants -Wno-unknown-pragmas -F/Users/paul/Code/github/paulevans/mahrune/ext/llvm/build/xcode/CMakeFiles/CMakeTmp/Debug -MMD -MT dependencies -MF /Users/paul/Code/github/paulevans/mahrune/ext/llvm/build/xcode/CMakeFiles/CMakeTmp/CMAKE_TRY_COMPILE.build/Debug/cmTC_15e20.build/Objects-normal/x86_64/CheckSymbolExists.d --serialize-diagnostics /Users/paul/Code/github/paulevans/mahrune/ext/llvm/build/xcode/CMakeFiles/CMakeTmp/CMAKE_TRY_COMPILE.build/Debug/cmTC_15e20.build/Objects-normal/x86_64/CheckSymbolExists.dia -c /Users/paul/Code/github/paulevans/mahrune/ext/llvm/build/xcode/CMakeFiles/CMakeTmp/CheckSymbolExists.c -o /Users/paul/Code/github/paulevans/mahrune/ext/llvm/build/xcode/CMakeFiles/CMakeTmp/CMAKE_TRY_COMPILE.build/Debug/cmTC_15e20.build/Objects-normal/x86_64/CheckSymbolExists.o
/Users/paul/Code/github/paulevans/mahrune/ext/llvm/build/xcode/CMakeFiles/CMakeTmp/CheckSymbolExists.c:8:19: error: use of undeclared identifier '__GLIBC__'
  return ((int*)(&__GLIBC__))[argc];
                  ^
1 error generated.

** BUILD FAILED **


The following build commands failed:
	CompileC CMAKE_TRY_COMPILE.build/Debug/cmTC_15e20.build/Objects-normal/x86_64/CheckSymbolExists.o CheckSymbolExists.c normal x86_64 c com.apple.compilers.llvm.clang.1_0.compiler
(1 failure)

File /Users/paul/Code/github/paulevans/mahrune/ext/llvm/build/xcode/CMakeFiles/CMakeTmp/CheckSymbolExists.c:
/* */
#include <stdio.h>

int main(int argc, char** argv)
{
  (void)argv;
#ifndef __GLIBC__
  return ((int*)(&__GLIBC__))[argc];
#else
  (void)argc;
  return 0;
#endif
}

